Build started 7/27/2008 12:23:59 AM.
__________________________________________________
Project "C:\Data\MSBuildExamples\QuickStart\Overview01.proj" (default targets):

Target PrintContent:
    Configuration: Release
    Content: HelloWorld.proj
    Content: C:\Data\MSBuildExamples\QuickStart\HelloWorld.proj

Build succeeded.
    0 Warning(s)
    0 Error(s)

Time Elapsed 00:00:00.03
Build started 7/27/2008 12:24:10 AM.
__________________________________________________
Project "C:\Data\MSBuildExamples\QuickStart\Overview01.proj" (default targets):

Target PrintContent:
    Configuration: Release
    Content: HelloWorld.proj
    Content: C:\Data\MSBuildExamples\QuickStart\HelloWorld.proj

Build succeeded.
    0 Warning(s)
    0 Error(s)

Time Elapsed 00:00:00.03
Build started 7/27/2008 12:24:18 AM.
__________________________________________________
Project "C:\Data\MSBuildExamples\QuickStart\Overview01.proj" (default targets):

Initial Properties:
ALLUSERSPROFILE                = C:\Documents and Settings\All Users
ANT_HOME                       = C:\Program Files\Ant\apache-ant-1.7.0
APPDATA                        = C:\Documents and Settings\Ibrahim\Application Data
CLASSPATH                      = .;C:\Program Files\Java\jre1.6.0_01\lib\ext\QTJava.zip
CLIENTNAME                     = Console
CommonProgramFiles             = C:\Program Files\Common Files
COMPUTERNAME                   = SIH-M90
ComSpec                        = C:\WINDOWS\system32\cmd.exe
Configuration                  = Release
DevEnvDir                      = C:\Program Files\Microsoft Visual Studio 9.0\Common7\IDE
DXROOT                         = C:\Program Files\Sandcastle\
FP_NO_HOST_CHECK               = NO
Framework35Version             = v3.5
FrameworkDir                   = C:\WINDOWS\Microsoft.NET\Framework
FrameworkVersion               = v2.0.50727
HOMEDRIVE                      = C:
HOMEPATH                       = \Documents and Settings\Ibrahim
INCLUDE                        = C:\Program Files\Microsoft Visual Studio 9.0\VC\ATLMFC\INCLUDE;C:\Program Files\Microsoft Visual Studio 9.0\VC\INCLUDE;C:\Program Files\Microsoft SDKs\Windows\v6.0\include;
JAVA_HOME                      = C:\Program Files\Java\jdk1.6.0_01
lib                            = C:\Program Files\Microsoft Visual Studio 9.0\VC\ATLMFC\LIB;C:\Program Files\Microsoft Visual Studio 9.0\VC\LIB;C:\Program Files\Microsoft SDKs\Windows\v6.0\lib;C:\Program Files\SQLXML 4.0\bin\
LIBPATH                        = C:\WINDOWS\Microsoft.NET\Framework\v3.5;C:\WINDOWS\Microsoft.NET\Framework\v2.0.50727;C:\Program Files\Microsoft Visual Studio 9.0\VC\ATLMFC\LIB;C:\Program Files\Microsoft Visual Studio 9.0\VC\LIB;
LOGONSERVER                    = \\SIH-M90
MSBuildBinPath                 = C:\WINDOWS\Microsoft.NET\Framework\v2.0.50727
msbuildemitsolution            = 1
MSBuildExtensionsPath          = C:\Program Files\MSBuild
MSBuildExtensionsPath32        = C:\Program Files\MSBuild
MSBuildNodeCount               = 1
MSBuildProjectDirectory        = C:\Data\MSBuildExamples\QuickStart
MSBuildProjectDirectoryNoRoot  = Data\MSBuildExamples\QuickStart
MSBuildProjectExtension        = .proj
MSBuildProjectFile             = Overview01.proj
MSBuildProjectFullPath         = C:\Data\MSBuildExamples\QuickStart\Overview01.proj
MSBuildProjectName             = Overview01
MSBuildStartupDirectory        = C:\Data\MSBuildExamples\QuickStart
MSBuildToolsPath               = C:\WINDOWS\Microsoft.NET\Framework\v2.0.50727
MSBuildToolsVersion            = 2.0
NUMBER_OF_PROCESSORS           = 2
OS                             = Windows_NT
Path                           = C:\Program Files\Microsoft Visual Studio 9.0\Common7\IDE;C:\Program Files\Microsoft Visual Studio 9.0\VC\BIN;C:\Program Files\Microsoft Visual Studio 9.0\Common7\Tools;C:\WINDOWS\Microsoft.NET\Framework\v3.5;C:\WINDOWS\Microsoft.NET\Framework\v3.5\Microsoft .NET Framework 3.5 (Pre-Release Version);C:\WINDOWS\Microsoft.NET\Framework\v2.0.50727;C:\Program Files\Microsoft Visual Studio 9.0\VC\VCPackages;C:\Program Files\Microsoft SDKs\Windows\v6.0\bin;C:\WINDOWS\system32;C:\WINDOWS;C:\WINDOWS\System32\Wbem;C:\Program Files\Wave Systems Corp\Dell Preboot Manager\Access Client\v5\;c:\Program Files\Microsoft SQL Server\90\Tools\binn\;C:\Program Files\QuickTime\QTSystem\;C:\Program Files\Microsoft SQL Server\80\Tools\Binn\;C:\Program Files\Microsoft SQL Server\90\DTS\Binn\;C:\Program Files\Microsoft SQL Server\90\Tools\Binn\VSShell\Common7\IDE\;C:\Program Files\Microsoft Visual Studio 8\Common7\IDE\PrivateAssemblies\;C:\Program Files\Common Files\Roxio Shared\DLLShared\;C:\Program Files\Common Files\Roxio Shared\DLLShared\;C:\Program Files\Common Files\Roxio Shared\9.0\DLLShared\;C:\WINDOWS\system32\WindowsPowerShell\v1.0;C:\Program Files\TortoiseSVN\bin;C:\Program Files\Visual Studio 2005 SDK\2007.02\VisualStudioIntegration\Tools\Sandcastle\ProductionTools\;C:\Program Files\Java\jdk1.6.0_01\bin;C:\MinGW\bin;C:\Qt\4.3.0\bin;C:\Python25;C:\Program Files\Java\jdk1.6.0_01\bin\;C:\Program Files\Common Files\Ahead\Lib\;C:\Program Files\Common Files\Ahead\Lib\;C:\Program Files\Common Files\Ahead\Lib\;C:\Program Files\Common Files\Ahead\Lib\;C:\Program Files\Common Files\Ahead\Lib\;C:\Program Files\Common Files\Ahead\Lib\
PATHEXT                        = .COM;.EXE;.BAT;.CMD;.VBS;.VBE;.JS;.JSE;.WSF;.WSH;.PSC1
PROCESSOR_ARCHITECTURE         = x86
PROCESSOR_IDENTIFIER           = x86 Family 6 Model 15 Stepping 6, GenuineIntel
PROCESSOR_LEVEL                = 6
PROCESSOR_REVISION             = 0f06
ProgramFiles                   = C:\Program Files
PROMPT                         = $P$G
QTJAVA                         = C:\Program Files\Java\jre1.6.0_01\lib\ext\QTJava.zip
RoxioCentral                   = C:\Program Files\Common Files\Roxio Shared\9.0\Roxio Central33\
SEDO_BIN                       = C:\Program Files\MSBuild\Sedodream\
SERVER_IP                      = 66.177.204.111
SESSIONNAME                    = Console
SonicCentral                   = C:\Program Files\Common Files\Sonic Shared\Sonic Central\
SystemDrive                    = C:
SystemRoot                     = C:\WINDOWS
TEMP                           = C:\DOCUME~1\Ibrahim\LOCALS~1\Temp
TMP                            = C:\DOCUME~1\Ibrahim\LOCALS~1\Temp
USERDOMAIN                     = SIH-M90
USERNAME                       = Ibrahim
USERPROFILE                    = C:\Documents and Settings\Ibrahim
VCINSTALLDIR                   = C:\Program Files\Microsoft Visual Studio 9.0\VC
VS80COMNTOOLS                  = C:\Program Files\Microsoft Visual Studio 8\Common7\Tools\
VS90COMNTOOLS                  = C:\Program Files\Microsoft Visual Studio 9.0\Common7\Tools\
VSINSTALLDIR                   = C:\Program Files\Microsoft Visual Studio 9.0
windir                         = C:\WINDOWS
WindowsSdkDir                  = C:\Program Files\Microsoft SDKs\Windows\v6.0\

Initial Items:
Content
    HelloWorld.proj

Building with tools version "2.0".
Target "PrintContent" in file "C:\Data\MSBuildExamples\QuickStart\Overview01.proj":
  Using "Message" task from assembly "Microsoft.Build.Tasks, Version=2.0.0.0, Culture=neutral, PublicKeyToken=b03f5f7f11d50a3a".
  Task "Message"
    Configuration: Release
  Done executing task "Message".
  Task "Message"
    Content: HelloWorld.proj
  Done executing task "Message".
  Task "Message"
    Content: C:\Data\MSBuildExamples\QuickStart\HelloWorld.proj
  Done executing task "Message".
Done building target "PrintContent" in project "Overview01.proj".

Done building project "Overview01.proj".

Project Performance Summary:
       31 ms  C:\Data\MSBuildExamples\QuickStart\Overview01.proj   1 calls

Target Performance Summary:
       31 ms  PrintContent                               1 calls

Task Performance Summary:
        0 ms  Message                                    3 calls

Build succeeded.
    0 Warning(s)
    0 Error(s)

Time Elapsed 00:00:00.03
Build started 7/27/2008 12:24:23 AM.
__________________________________________________
Project "C:\Data\MSBuildExamples\QuickStart\Overview01.proj" (default targets):

Initial Properties:
ALLUSERSPROFILE                = C:\Documents and Settings\All Users
ANT_HOME                       = C:\Program Files\Ant\apache-ant-1.7.0
APPDATA                        = C:\Documents and Settings\Ibrahim\Application Data
CLASSPATH                      = .;C:\Program Files\Java\jre1.6.0_01\lib\ext\QTJava.zip
CLIENTNAME                     = Console
CommonProgramFiles             = C:\Program Files\Common Files
COMPUTERNAME                   = SIH-M90
ComSpec                        = C:\WINDOWS\system32\cmd.exe
Configuration                  = Release
DevEnvDir                      = C:\Program Files\Microsoft Visual Studio 9.0\Common7\IDE
DXROOT                         = C:\Program Files\Sandcastle\
FP_NO_HOST_CHECK               = NO
Framework35Version             = v3.5
FrameworkDir                   = C:\WINDOWS\Microsoft.NET\Framework
FrameworkVersion               = v2.0.50727
HOMEDRIVE                      = C:
HOMEPATH                       = \Documents and Settings\Ibrahim
INCLUDE                        = C:\Program Files\Microsoft Visual Studio 9.0\VC\ATLMFC\INCLUDE;C:\Program Files\Microsoft Visual Studio 9.0\VC\INCLUDE;C:\Program Files\Microsoft SDKs\Windows\v6.0\include;
JAVA_HOME                      = C:\Program Files\Java\jdk1.6.0_01
lib                            = C:\Program Files\Microsoft Visual Studio 9.0\VC\ATLMFC\LIB;C:\Program Files\Microsoft Visual Studio 9.0\VC\LIB;C:\Program Files\Microsoft SDKs\Windows\v6.0\lib;C:\Program Files\SQLXML 4.0\bin\
LIBPATH                        = C:\WINDOWS\Microsoft.NET\Framework\v3.5;C:\WINDOWS\Microsoft.NET\Framework\v2.0.50727;C:\Program Files\Microsoft Visual Studio 9.0\VC\ATLMFC\LIB;C:\Program Files\Microsoft Visual Studio 9.0\VC\LIB;
LOGONSERVER                    = \\SIH-M90
MSBuildBinPath                 = C:\WINDOWS\Microsoft.NET\Framework\v2.0.50727
msbuildemitsolution            = 1
MSBuildExtensionsPath          = C:\Program Files\MSBuild
MSBuildExtensionsPath32        = C:\Program Files\MSBuild
MSBuildNodeCount               = 1
MSBuildProjectDirectory        = C:\Data\MSBuildExamples\QuickStart
MSBuildProjectDirectoryNoRoot  = Data\MSBuildExamples\QuickStart
MSBuildProjectExtension        = .proj
MSBuildProjectFile             = Overview01.proj
MSBuildProjectFullPath         = C:\Data\MSBuildExamples\QuickStart\Overview01.proj
MSBuildProjectName             = Overview01
MSBuildStartupDirectory        = C:\Data\MSBuildExamples\QuickStart
MSBuildToolsPath               = C:\WINDOWS\Microsoft.NET\Framework\v2.0.50727
MSBuildToolsVersion            = 2.0
NUMBER_OF_PROCESSORS           = 2
OS                             = Windows_NT
Path                           = C:\Program Files\Microsoft Visual Studio 9.0\Common7\IDE;C:\Program Files\Microsoft Visual Studio 9.0\VC\BIN;C:\Program Files\Microsoft Visual Studio 9.0\Common7\Tools;C:\WINDOWS\Microsoft.NET\Framework\v3.5;C:\WINDOWS\Microsoft.NET\Framework\v3.5\Microsoft .NET Framework 3.5 (Pre-Release Version);C:\WINDOWS\Microsoft.NET\Framework\v2.0.50727;C:\Program Files\Microsoft Visual Studio 9.0\VC\VCPackages;C:\Program Files\Microsoft SDKs\Windows\v6.0\bin;C:\WINDOWS\system32;C:\WINDOWS;C:\WINDOWS\System32\Wbem;C:\Program Files\Wave Systems Corp\Dell Preboot Manager\Access Client\v5\;c:\Program Files\Microsoft SQL Server\90\Tools\binn\;C:\Program Files\QuickTime\QTSystem\;C:\Program Files\Microsoft SQL Server\80\Tools\Binn\;C:\Program Files\Microsoft SQL Server\90\DTS\Binn\;C:\Program Files\Microsoft SQL Server\90\Tools\Binn\VSShell\Common7\IDE\;C:\Program Files\Microsoft Visual Studio 8\Common7\IDE\PrivateAssemblies\;C:\Program Files\Common Files\Roxio Shared\DLLShared\;C:\Program Files\Common Files\Roxio Shared\DLLShared\;C:\Program Files\Common Files\Roxio Shared\9.0\DLLShared\;C:\WINDOWS\system32\WindowsPowerShell\v1.0;C:\Program Files\TortoiseSVN\bin;C:\Program Files\Visual Studio 2005 SDK\2007.02\VisualStudioIntegration\Tools\Sandcastle\ProductionTools\;C:\Program Files\Java\jdk1.6.0_01\bin;C:\MinGW\bin;C:\Qt\4.3.0\bin;C:\Python25;C:\Program Files\Java\jdk1.6.0_01\bin\;C:\Program Files\Common Files\Ahead\Lib\;C:\Program Files\Common Files\Ahead\Lib\;C:\Program Files\Common Files\Ahead\Lib\;C:\Program Files\Common Files\Ahead\Lib\;C:\Program Files\Common Files\Ahead\Lib\;C:\Program Files\Common Files\Ahead\Lib\
PATHEXT                        = .COM;.EXE;.BAT;.CMD;.VBS;.VBE;.JS;.JSE;.WSF;.WSH;.PSC1
PROCESSOR_ARCHITECTURE         = x86
PROCESSOR_IDENTIFIER           = x86 Family 6 Model 15 Stepping 6, GenuineIntel
PROCESSOR_LEVEL                = 6
PROCESSOR_REVISION             = 0f06
ProgramFiles                   = C:\Program Files
PROMPT                         = $P$G
QTJAVA                         = C:\Program Files\Java\jre1.6.0_01\lib\ext\QTJava.zip
RoxioCentral                   = C:\Program Files\Common Files\Roxio Shared\9.0\Roxio Central33\
SEDO_BIN                       = C:\Program Files\MSBuild\Sedodream\
SERVER_IP                      = 66.177.204.111
SESSIONNAME                    = Console
SonicCentral                   = C:\Program Files\Common Files\Sonic Shared\Sonic Central\
SystemDrive                    = C:
SystemRoot                     = C:\WINDOWS
TEMP                           = C:\DOCUME~1\Ibrahim\LOCALS~1\Temp
TMP                            = C:\DOCUME~1\Ibrahim\LOCALS~1\Temp
USERDOMAIN                     = SIH-M90
USERNAME                       = Ibrahim
USERPROFILE                    = C:\Documents and Settings\Ibrahim
VCINSTALLDIR                   = C:\Program Files\Microsoft Visual Studio 9.0\VC
VS80COMNTOOLS                  = C:\Program Files\Microsoft Visual Studio 8\Common7\Tools\
VS90COMNTOOLS                  = C:\Program Files\Microsoft Visual Studio 9.0\Common7\Tools\
VSINSTALLDIR                   = C:\Program Files\Microsoft Visual Studio 9.0
windir                         = C:\WINDOWS
WindowsSdkDir                  = C:\Program Files\Microsoft SDKs\Windows\v6.0\

Initial Items:
Content
    HelloWorld.proj

Building with tools version "2.0".
Target "PrintContent" in file "C:\Data\MSBuildExamples\QuickStart\Overview01.proj":
  Using "Message" task from assembly "Microsoft.Build.Tasks, Version=2.0.0.0, Culture=neutral, PublicKeyToken=b03f5f7f11d50a3a".
  Task "Message"
    Configuration: Release
  Done executing task "Message".
  Task "Message"
    Content: HelloWorld.proj
  Done executing task "Message".
  Task "Message"
    Content: C:\Data\MSBuildExamples\QuickStart\HelloWorld.proj
  Done executing task "Message".
Done building target "PrintContent" in project "Overview01.proj".

Done building project "Overview01.proj".

Project Performance Summary:
       31 ms  C:\Data\MSBuildExamples\QuickStart\Overview01.proj   1 calls

Target Performance Summary:
       31 ms  PrintContent                               1 calls

Task Performance Summary:
        0 ms  Message                                    3 calls

Build succeeded.
    0 Warning(s)
    0 Error(s)

Time Elapsed 00:00:00.03
Build started 7/27/2008 12:24:31 AM.
__________________________________________________
Project "C:\Data\MSBuildExamples\QuickStart\Overview01.proj" (default targets):

Initial Properties:
ALLUSERSPROFILE                = C:\Documents and Settings\All Users
ANT_HOME                       = C:\Program Files\Ant\apache-ant-1.7.0
APPDATA                        = C:\Documents and Settings\Ibrahim\Application Data
CLASSPATH                      = .;C:\Program Files\Java\jre1.6.0_01\lib\ext\QTJava.zip
CLIENTNAME                     = Console
CommonProgramFiles             = C:\Program Files\Common Files
COMPUTERNAME                   = SIH-M90
ComSpec                        = C:\WINDOWS\system32\cmd.exe
Configuration                  = Release
DevEnvDir                      = C:\Program Files\Microsoft Visual Studio 9.0\Common7\IDE
DXROOT                         = C:\Program Files\Sandcastle\
FP_NO_HOST_CHECK               = NO
Framework35Version             = v3.5
FrameworkDir                   = C:\WINDOWS\Microsoft.NET\Framework
FrameworkVersion               = v2.0.50727
HOMEDRIVE                      = C:
HOMEPATH                       = \Documents and Settings\Ibrahim
INCLUDE                        = C:\Program Files\Microsoft Visual Studio 9.0\VC\ATLMFC\INCLUDE;C:\Program Files\Microsoft Visual Studio 9.0\VC\INCLUDE;C:\Program Files\Microsoft SDKs\Windows\v6.0\include;
JAVA_HOME                      = C:\Program Files\Java\jdk1.6.0_01
lib                            = C:\Program Files\Microsoft Visual Studio 9.0\VC\ATLMFC\LIB;C:\Program Files\Microsoft Visual Studio 9.0\VC\LIB;C:\Program Files\Microsoft SDKs\Windows\v6.0\lib;C:\Program Files\SQLXML 4.0\bin\
LIBPATH                        = C:\WINDOWS\Microsoft.NET\Framework\v3.5;C:\WINDOWS\Microsoft.NET\Framework\v2.0.50727;C:\Program Files\Microsoft Visual Studio 9.0\VC\ATLMFC\LIB;C:\Program Files\Microsoft Visual Studio 9.0\VC\LIB;
LOGONSERVER                    = \\SIH-M90
MSBuildBinPath                 = C:\WINDOWS\Microsoft.NET\Framework\v2.0.50727
msbuildemitsolution            = 1
MSBuildExtensionsPath          = C:\Program Files\MSBuild
MSBuildExtensionsPath32        = C:\Program Files\MSBuild
MSBuildNodeCount               = 1
MSBuildProjectDirectory        = C:\Data\MSBuildExamples\QuickStart
MSBuildProjectDirectoryNoRoot  = Data\MSBuildExamples\QuickStart
MSBuildProjectExtension        = .proj
MSBuildProjectFile             = Overview01.proj
MSBuildProjectFullPath         = C:\Data\MSBuildExamples\QuickStart\Overview01.proj
MSBuildProjectName             = Overview01
MSBuildStartupDirectory        = C:\Data\MSBuildExamples\QuickStart
MSBuildToolsPath               = C:\WINDOWS\Microsoft.NET\Framework\v2.0.50727
MSBuildToolsVersion            = 2.0
NUMBER_OF_PROCESSORS           = 2
OS                             = Windows_NT
Path                           = C:\Program Files\Microsoft Visual Studio 9.0\Common7\IDE;C:\Program Files\Microsoft Visual Studio 9.0\VC\BIN;C:\Program Files\Microsoft Visual Studio 9.0\Common7\Tools;C:\WINDOWS\Microsoft.NET\Framework\v3.5;C:\WINDOWS\Microsoft.NET\Framework\v3.5\Microsoft .NET Framework 3.5 (Pre-Release Version);C:\WINDOWS\Microsoft.NET\Framework\v2.0.50727;C:\Program Files\Microsoft Visual Studio 9.0\VC\VCPackages;C:\Program Files\Microsoft SDKs\Windows\v6.0\bin;C:\WINDOWS\system32;C:\WINDOWS;C:\WINDOWS\System32\Wbem;C:\Program Files\Wave Systems Corp\Dell Preboot Manager\Access Client\v5\;c:\Program Files\Microsoft SQL Server\90\Tools\binn\;C:\Program Files\QuickTime\QTSystem\;C:\Program Files\Microsoft SQL Server\80\Tools\Binn\;C:\Program Files\Microsoft SQL Server\90\DTS\Binn\;C:\Program Files\Microsoft SQL Server\90\Tools\Binn\VSShell\Common7\IDE\;C:\Program Files\Microsoft Visual Studio 8\Common7\IDE\PrivateAssemblies\;C:\Program Files\Common Files\Roxio Shared\DLLShared\;C:\Program Files\Common Files\Roxio Shared\DLLShared\;C:\Program Files\Common Files\Roxio Shared\9.0\DLLShared\;C:\WINDOWS\system32\WindowsPowerShell\v1.0;C:\Program Files\TortoiseSVN\bin;C:\Program Files\Visual Studio 2005 SDK\2007.02\VisualStudioIntegration\Tools\Sandcastle\ProductionTools\;C:\Program Files\Java\jdk1.6.0_01\bin;C:\MinGW\bin;C:\Qt\4.3.0\bin;C:\Python25;C:\Program Files\Java\jdk1.6.0_01\bin\;C:\Program Files\Common Files\Ahead\Lib\;C:\Program Files\Common Files\Ahead\Lib\;C:\Program Files\Common Files\Ahead\Lib\;C:\Program Files\Common Files\Ahead\Lib\;C:\Program Files\Common Files\Ahead\Lib\;C:\Program Files\Common Files\Ahead\Lib\
PATHEXT                        = .COM;.EXE;.BAT;.CMD;.VBS;.VBE;.JS;.JSE;.WSF;.WSH;.PSC1
PROCESSOR_ARCHITECTURE         = x86
PROCESSOR_IDENTIFIER           = x86 Family 6 Model 15 Stepping 6, GenuineIntel
PROCESSOR_LEVEL                = 6
PROCESSOR_REVISION             = 0f06
ProgramFiles                   = C:\Program Files
PROMPT                         = $P$G
QTJAVA                         = C:\Program Files\Java\jre1.6.0_01\lib\ext\QTJava.zip
RoxioCentral                   = C:\Program Files\Common Files\Roxio Shared\9.0\Roxio Central33\
SEDO_BIN                       = C:\Program Files\MSBuild\Sedodream\
SERVER_IP                      = 66.177.204.111
SESSIONNAME                    = Console
SonicCentral                   = C:\Program Files\Common Files\Sonic Shared\Sonic Central\
SystemDrive                    = C:
SystemRoot                     = C:\WINDOWS
TEMP                           = C:\DOCUME~1\Ibrahim\LOCALS~1\Temp
TMP                            = C:\DOCUME~1\Ibrahim\LOCALS~1\Temp
USERDOMAIN                     = SIH-M90
USERNAME                       = Ibrahim
USERPROFILE                    = C:\Documents and Settings\Ibrahim
VCINSTALLDIR                   = C:\Program Files\Microsoft Visual Studio 9.0\VC
VS80COMNTOOLS                  = C:\Program Files\Microsoft Visual Studio 8\Common7\Tools\
VS90COMNTOOLS                  = C:\Program Files\Microsoft Visual Studio 9.0\Common7\Tools\
VSINSTALLDIR                   = C:\Program Files\Microsoft Visual Studio 9.0
windir                         = C:\WINDOWS
WindowsSdkDir                  = C:\Program Files\Microsoft SDKs\Windows\v6.0\

Initial Items:
Content
    HelloWorld.proj

Building with tools version "2.0".
Target "PrintContent" in file "C:\Data\MSBuildExamples\QuickStart\Overview01.proj":
  Using "Message" task from assembly "Microsoft.Build.Tasks, Version=2.0.0.0, Culture=neutral, PublicKeyToken=b03f5f7f11d50a3a".
  Task "Message"
    Configuration: Release
  Done executing task "Message".
  Task "Message"
    Content: HelloWorld.proj
  Done executing task "Message".
  Task "Message"
    Content: C:\Data\MSBuildExamples\QuickStart\HelloWorld.proj
  Done executing task "Message".
Done building target "PrintContent" in project "Overview01.proj".

Done building project "Overview01.proj".

Project Performance Summary:
       47 ms  C:\Data\MSBuildExamples\QuickStart\Overview01.proj   1 calls

Target Performance Summary:
       31 ms  PrintContent                               1 calls

Task Performance Summary:
       16 ms  Message                                    3 calls

Build succeeded.
    0 Warning(s)
    0 Error(s)

Time Elapsed 00:00:00.04
Build started 7/27/2008 12:24:42 AM.
__________________________________________________
Project "C:\Data\MSBuildExamples\QuickStart\Overview01.proj" (default targets):

Initial Properties:
ALLUSERSPROFILE                = C:\Documents and Settings\All Users
ANT_HOME                       = C:\Program Files\Ant\apache-ant-1.7.0
APPDATA                        = C:\Documents and Settings\Ibrahim\Application Data
CLASSPATH                      = .;C:\Program Files\Java\jre1.6.0_01\lib\ext\QTJava.zip
CLIENTNAME                     = Console
CommonProgramFiles             = C:\Program Files\Common Files
COMPUTERNAME                   = SIH-M90
ComSpec                        = C:\WINDOWS\system32\cmd.exe
Configuration                  = Release
DevEnvDir                      = C:\Program Files\Microsoft Visual Studio 9.0\Common7\IDE
DXROOT                         = C:\Program Files\Sandcastle\
FP_NO_HOST_CHECK               = NO
Framework35Version             = v3.5
FrameworkDir                   = C:\WINDOWS\Microsoft.NET\Framework
FrameworkVersion               = v2.0.50727
HOMEDRIVE                      = C:
HOMEPATH                       = \Documents and Settings\Ibrahim
INCLUDE                        = C:\Program Files\Microsoft Visual Studio 9.0\VC\ATLMFC\INCLUDE;C:\Program Files\Microsoft Visual Studio 9.0\VC\INCLUDE;C:\Program Files\Microsoft SDKs\Windows\v6.0\include;
JAVA_HOME                      = C:\Program Files\Java\jdk1.6.0_01
lib                            = C:\Program Files\Microsoft Visual Studio 9.0\VC\ATLMFC\LIB;C:\Program Files\Microsoft Visual Studio 9.0\VC\LIB;C:\Program Files\Microsoft SDKs\Windows\v6.0\lib;C:\Program Files\SQLXML 4.0\bin\
LIBPATH                        = C:\WINDOWS\Microsoft.NET\Framework\v3.5;C:\WINDOWS\Microsoft.NET\Framework\v2.0.50727;C:\Program Files\Microsoft Visual Studio 9.0\VC\ATLMFC\LIB;C:\Program Files\Microsoft Visual Studio 9.0\VC\LIB;
LOGONSERVER                    = \\SIH-M90
MSBuildBinPath                 = C:\WINDOWS\Microsoft.NET\Framework\v2.0.50727
msbuildemitsolution            = 1
MSBuildExtensionsPath          = C:\Program Files\MSBuild
MSBuildExtensionsPath32        = C:\Program Files\MSBuild
MSBuildNodeCount               = 1
MSBuildProjectDirectory        = C:\Data\MSBuildExamples\QuickStart
MSBuildProjectDirectoryNoRoot  = Data\MSBuildExamples\QuickStart
MSBuildProjectExtension        = .proj
MSBuildProjectFile             = Overview01.proj
MSBuildProjectFullPath         = C:\Data\MSBuildExamples\QuickStart\Overview01.proj
MSBuildProjectName             = Overview01
MSBuildStartupDirectory        = C:\Data\MSBuildExamples\QuickStart
MSBuildToolsPath               = C:\WINDOWS\Microsoft.NET\Framework\v2.0.50727
MSBuildToolsVersion            = 2.0
NUMBER_OF_PROCESSORS           = 2
OS                             = Windows_NT
Path                           = C:\Program Files\Microsoft Visual Studio 9.0\Common7\IDE;C:\Program Files\Microsoft Visual Studio 9.0\VC\BIN;C:\Program Files\Microsoft Visual Studio 9.0\Common7\Tools;C:\WINDOWS\Microsoft.NET\Framework\v3.5;C:\WINDOWS\Microsoft.NET\Framework\v3.5\Microsoft .NET Framework 3.5 (Pre-Release Version);C:\WINDOWS\Microsoft.NET\Framework\v2.0.50727;C:\Program Files\Microsoft Visual Studio 9.0\VC\VCPackages;C:\Program Files\Microsoft SDKs\Windows\v6.0\bin;C:\WINDOWS\system32;C:\WINDOWS;C:\WINDOWS\System32\Wbem;C:\Program Files\Wave Systems Corp\Dell Preboot Manager\Access Client\v5\;c:\Program Files\Microsoft SQL Server\90\Tools\binn\;C:\Program Files\QuickTime\QTSystem\;C:\Program Files\Microsoft SQL Server\80\Tools\Binn\;C:\Program Files\Microsoft SQL Server\90\DTS\Binn\;C:\Program Files\Microsoft SQL Server\90\Tools\Binn\VSShell\Common7\IDE\;C:\Program Files\Microsoft Visual Studio 8\Common7\IDE\PrivateAssemblies\;C:\Program Files\Common Files\Roxio Shared\DLLShared\;C:\Program Files\Common Files\Roxio Shared\DLLShared\;C:\Program Files\Common Files\Roxio Shared\9.0\DLLShared\;C:\WINDOWS\system32\WindowsPowerShell\v1.0;C:\Program Files\TortoiseSVN\bin;C:\Program Files\Visual Studio 2005 SDK\2007.02\VisualStudioIntegration\Tools\Sandcastle\ProductionTools\;C:\Program Files\Java\jdk1.6.0_01\bin;C:\MinGW\bin;C:\Qt\4.3.0\bin;C:\Python25;C:\Program Files\Java\jdk1.6.0_01\bin\;C:\Program Files\Common Files\Ahead\Lib\;C:\Program Files\Common Files\Ahead\Lib\;C:\Program Files\Common Files\Ahead\Lib\;C:\Program Files\Common Files\Ahead\Lib\;C:\Program Files\Common Files\Ahead\Lib\;C:\Program Files\Common Files\Ahead\Lib\
PATHEXT                        = .COM;.EXE;.BAT;.CMD;.VBS;.VBE;.JS;.JSE;.WSF;.WSH;.PSC1
PROCESSOR_ARCHITECTURE         = x86
PROCESSOR_IDENTIFIER           = x86 Family 6 Model 15 Stepping 6, GenuineIntel
PROCESSOR_LEVEL                = 6
PROCESSOR_REVISION             = 0f06
ProgramFiles                   = C:\Program Files
PROMPT                         = $P$G
QTJAVA                         = C:\Program Files\Java\jre1.6.0_01\lib\ext\QTJava.zip
RoxioCentral                   = C:\Program Files\Common Files\Roxio Shared\9.0\Roxio Central33\
SEDO_BIN                       = C:\Program Files\MSBuild\Sedodream\
SERVER_IP                      = 66.177.204.111
SESSIONNAME                    = Console
SonicCentral                   = C:\Program Files\Common Files\Sonic Shared\Sonic Central\
SystemDrive                    = C:
SystemRoot                     = C:\WINDOWS
TEMP                           = C:\DOCUME~1\Ibrahim\LOCALS~1\Temp
TMP                            = C:\DOCUME~1\Ibrahim\LOCALS~1\Temp
USERDOMAIN                     = SIH-M90
USERNAME                       = Ibrahim
USERPROFILE                    = C:\Documents and Settings\Ibrahim
VCINSTALLDIR                   = C:\Program Files\Microsoft Visual Studio 9.0\VC
VS80COMNTOOLS                  = C:\Program Files\Microsoft Visual Studio 8\Common7\Tools\
VS90COMNTOOLS                  = C:\Program Files\Microsoft Visual Studio 9.0\Common7\Tools\
VSINSTALLDIR                   = C:\Program Files\Microsoft Visual Studio 9.0
windir                         = C:\WINDOWS
WindowsSdkDir                  = C:\Program Files\Microsoft SDKs\Windows\v6.0\

Initial Items:
Content
    HelloWorld.proj

Building with tools version "2.0".
Target "PrintContent" in file "C:\Data\MSBuildExamples\QuickStart\Overview01.proj":
  Using "Message" task from assembly "Microsoft.Build.Tasks, Version=2.0.0.0, Culture=neutral, PublicKeyToken=b03f5f7f11d50a3a".
  Task "Message"
    Configuration: Release
  Done executing task "Message".
  Task "Message"
    Content: HelloWorld.proj
  Done executing task "Message".
  Task "Message"
    Content: C:\Data\MSBuildExamples\QuickStart\HelloWorld.proj
  Done executing task "Message".
Done building target "PrintContent" in project "Overview01.proj".

Done building project "Overview01.proj".

Project Performance Summary:
       31 ms  C:\Data\MSBuildExamples\QuickStart\Overview01.proj   1 calls

Target Performance Summary:
       31 ms  PrintContent                               1 calls

Task Performance Summary:
        0 ms  Message                                    3 calls

Build succeeded.
    0 Warning(s)
    0 Error(s)

Time Elapsed 00:00:00.04
